==============================================================================
20170202 16:32:22.750 - INFO - + START SUITE: Acceptancetest [ ]
==============================================================================
20170202 16:32:23.198 - INFO - +- START SUITE: Acceptancetest.CSV-JSONConversion [ ]
==============================================================================
20170202 16:32:23.213 - INFO - +-- START TEST: CSV to JSON to CSV Yields Original [ ]
------------------------------------------------------------------------------
20170202 16:32:23.230 - INFO - +--- START KW: OperatingSystem.Get File [ src/test/resources/grades.csv ]
20170202 16:32:23.256 - INFO - ${contents} = "ID","Total","Assignment 1","Assignment 2","Exam 1"
"111278","611","146","128","337"
"111352","867","227","228","412"
"111373","461","96","90","275"
"111305","835","220","217","398"
"111399","898","22...
20170202 16:32:23.261 - INFO - +--- END KW: OperatingSystem.Get File (30)
~~~~~~~~~~~~~~~~~~~~~~~~~~~~~~~~~~~~~~~~~~~~~~~~~~~~~~~~~~~~~~~~~~~~~~~~~~~~~~
20170202 16:32:23.266 - INFO - +--- START KW: keywords.ConverterKeywords.Convert To Json [ ${contents} ]
20170202 16:32:23.291 - INFO - ${json} = {"rowHeaders":["111278","111352","111373","111305","111399","111160","111276","111241"],"data":[[611,146,128,337],[867,227,228,412],[461,96,90,275],[835,220,217,398],[898,226,229,443],[454,77,125,252]...
20170202 16:32:23.296 - INFO - +--- END KW: keywords.ConverterKeywords.Convert To Json (30)
~~~~~~~~~~~~~~~~~~~~~~~~~~~~~~~~~~~~~~~~~~~~~~~~~~~~~~~~~~~~~~~~~~~~~~~~~~~~~~
20170202 16:32:23.298 - INFO - +--- START KW: keywords.ConverterKeywords.Convert To Csv [ ${json} ]
20170202 16:32:23.320 - INFO - ${csv} = "ID","Total","Assignment 1","Assignment 2","Exam 1"
"111278","611","146","128","337"
"111352","867","227","228","412"
"111373","461","96","90","275"
"111305","835","220","217","398"
"111399","898","22...
20170202 16:32:23.330 - INFO - +--- END KW: keywords.ConverterKeywords.Convert To Csv (26)
~~~~~~~~~~~~~~~~~~~~~~~~~~~~~~~~~~~~~~~~~~~~~~~~~~~~~~~~~~~~~~~~~~~~~~~~~~~~~~
20170202 16:32:23.338 - INFO - +--- START KW: BuiltIn.Should Be Equal [ ${contents} | ${csv} ]
20170202 16:32:23.388 - INFO - +--- END KW: BuiltIn.Should Be Equal (44)
------------------------------------------------------------------------------
20170202 16:32:23.394 - INFO - +-- END TEST: CSV to JSON to CSV Yields Original (182)
------------------------------------------------------------------------------
20170202 16:32:23.398 - INFO - +-- START TEST: JSON to CSV to JSON Yields Original [ ]
------------------------------------------------------------------------------
20170202 16:32:23.407 - INFO - +--- START KW: OperatingSystem.Get File [ src/test/resources/grades.json ]
20170202 16:32:23.423 - INFO - ${contents} = {
    "colHeaders":["Total","Assignment 1","Assignment 2","Exam 1"],
    "rowHeaders":["111278","111352","111373","111305","111399","111160","111276","111241"],
    "data":[[611,146,128,337],
        ...
20170202 16:32:23.429 - INFO - +--- END KW: OperatingSystem.Get File (21)
~~~~~~~~~~~~~~~~~~~~~~~~~~~~~~~~~~~~~~~~~~~~~~~~~~~~~~~~~~~~~~~~~~~~~~~~~~~~~~
20170202 16:32:23.437 - INFO - +--- START KW: keywords.ConverterKeywords.Convert To Csv [ ${contents} ]
20170202 16:32:23.458 - INFO - ${csv} = "ID","Total","Assignment 1","Assignment 2","Exam 1"
"111278","611","146","128","337"
"111352","867","227","228","412"
"111373","461","96","90","275"
"111305","835","220","217","398"
"111399","898","22...
20170202 16:32:23.461 - INFO - +--- END KW: keywords.ConverterKeywords.Convert To Csv (23)
~~~~~~~~~~~~~~~~~~~~~~~~~~~~~~~~~~~~~~~~~~~~~~~~~~~~~~~~~~~~~~~~~~~~~~~~~~~~~~
20170202 16:32:23.464 - INFO - +--- START KW: keywords.ConverterKeywords.Convert To Json [ ${csv} ]
20170202 16:32:23.479 - INFO - ${json} = {"rowHeaders":["111278","111352","111373","111305","111399","111160","111276","111241"],"data":[[611,146,128,337],[867,227,228,412],[461,96,90,275],[835,220,217,398],[898,226,229,443],[454,77,125,252]...
20170202 16:32:23.487 - INFO - +--- END KW: keywords.ConverterKeywords.Convert To Json (21)
~~~~~~~~~~~~~~~~~~~~~~~~~~~~~~~~~~~~~~~~~~~~~~~~~~~~~~~~~~~~~~~~~~~~~~~~~~~~~~
20170202 16:32:23.495 - INFO - +--- START KW: keywords.ConverterKeywords.Json Strings Are Equal [ ${contents} | ${json} ]
20170202 16:32:23.568 - INFO - ${same} = True
20170202 16:32:23.576 - INFO - +--- END KW: keywords.ConverterKeywords.Json Strings Are Equal (82)
~~~~~~~~~~~~~~~~~~~~~~~~~~~~~~~~~~~~~~~~~~~~~~~~~~~~~~~~~~~~~~~~~~~~~~~~~~~~~~
20170202 16:32:23.579 - INFO - +--- START KW: BuiltIn.Should Be True [ ${same} ]
20170202 16:32:23.598 - INFO - +--- END KW: BuiltIn.Should Be True (14)
------------------------------------------------------------------------------
20170202 16:32:23.603 - INFO - +-- END TEST: JSON to CSV to JSON Yields Original (203)
------------------------------------------------------------------------------
20170202 16:32:23.652 - INFO - +- END SUITE: Acceptancetest.CSV-JSONConversion (833)
==============================================================================
20170202 16:32:23.690 - INFO - + END SUITE: Acceptancetest (1607)
==============================================================================
